<?xml version="1.0" encoding="UTF-8" ?>
<testsuite tests="10" failures="10" name="com.bookstore.dao.UserDAOTest" time="0.002" errors="0" skipped="0">
  <properties>
    <property name="jansi.mode" value="strip"/>
    <property name="java.runtime.name" value="Java(TM) SE Runtime Environment"/>
    <property name="sun.boot.library.path" value="C:\Program Files (x86)\Java\jdk1.8.0_211\jre\bin"/>
    <property name="java.vm.version" value="25.211-b12"/>
    <property name="java.vm.vendor" value="Oracle Corporation"/>
    <property name="maven.multiModuleProjectDirectory" value="H:\BookStoreProject\BookStoreWebsite"/>
    <property name="java.vendor.url" value="http://java.oracle.com/"/>
    <property name="path.separator" value=";"/>
    <property name="guice.disable.misplaced.annotation.check" value="true"/>
    <property name="java.vm.name" value="Java HotSpot(TM) Client VM"/>
    <property name="file.encoding.pkg" value="sun.io"/>
    <property name="user.script" value=""/>
    <property name="user.country" value="US"/>
    <property name="sun.java.launcher" value="SUN_STANDARD"/>
    <property name="sun.os.patch.level" value=""/>
    <property name="java.vm.specification.name" value="Java Virtual Machine Specification"/>
    <property name="user.dir" value="H:\BookStoreProject\BookStoreWebsite"/>
    <property name="java.runtime.version" value="1.8.0_211-b12"/>
    <property name="java.awt.graphicsenv" value="sun.awt.Win32GraphicsEnvironment"/>
    <property name="java.endorsed.dirs" value="C:\Program Files (x86)\Java\jdk1.8.0_211\jre\lib\endorsed"/>
    <property name="os.arch" value="x86"/>
    <property name="java.io.tmpdir" value="C:\Users\Virus\AppData\Local\Temp\"/>
    <property name="line.separator" value="
"/>
    <property name="java.vm.specification.vendor" value="Oracle Corporation"/>
    <property name="user.variant" value=""/>
    <property name="os.name" value="Windows 10"/>
    <property name="classworlds.conf" value="H:\BookStoreProject\.metadata\.plugins\org.eclipse.m2e.launching\launches\m2conf110356718416448196.tmp"/>
    <property name="sun.jnu.encoding" value="Cp1252"/>
    <property name="java.library.path" value="C:\Program Files (x86)\Java\jdk1.8.0_211\bin;C:\Windows\Sun\Java\bin;C:\Windows\system32;C:\Windows;C:/Program Files/eclipse//plugins/org.eclipse.justj.openjdk.hotspot.jre.full.win32.x86_64_17.0.2.v20220201-1208/jre/bin/server;C:/Program Files/eclipse//plugins/org.eclipse.justj.openjdk.hotspot.jre.full.win32.x86_64_17.0.2.v20220201-1208/jre/bin;C:\oraclexe\app\oracle\product\11.2.0\server\bin;C:\Program Files (x86)\Common Files\Oracle\Java\javapath;C:\Windows\system32;C:\Windows;C:\Windows\System32\Wbem;C:\Windows\System32\WindowsPowerShell\v1.0\;C:\Windows\System32\OpenSSH\;C:\Program Files (x86)\Java\jdk1.8.0_211\bin;C:\Program Files\Git\cmd;C:\ProgramData\chocolatey\bin;C:\Program Files (x86)\Java\jre1.8.0_211\bin;C:\Program Files\TortoiseSVN\bin;C:\Program Files (x86)\Common Files\Adobe\AGL;C:\apache-maven-3.6.3\bin;C:\WTK2.5.2_01\bin;C:\Program Files (x86)\Microsoft SQL Server\100\Tools\Binn\;C:\Program Files\Microsoft SQL Server\100\Tools\Binn\;C:\Program Files\Microsoft SQL Server\100\DTS\Binn\;C:\Program Files (x86)\Microsoft SQL Server\100\Tools\Binn\VSShell\Common7\IDE\;C:\Program Files (x86)\Microsoft Visual Studio 9.0\Common7\IDE\PrivateAssemblies\;C:\Program Files (x86)\Microsoft SQL Server\100\DTS\Binn\;C:\Users\Virus\AppData\Local\Microsoft\WindowsApps;C:\Users\Virus\AppData\Local\Programs\Microsoft VS Code\bin;C:\Program Files\eclipse;;."/>
    <property name="java.specification.name" value="Java Platform API Specification"/>
    <property name="java.class.version" value="52.0"/>
    <property name="sun.management.compiler" value="HotSpot Client Compiler"/>
    <property name="os.version" value="10.0"/>
    <property name="user.home" value="C:\Users\Virus"/>
    <property name="user.timezone" value="Asia/Bangkok"/>
    <property name="java.awt.printerjob" value="sun.awt.windows.WPrinterJob"/>
    <property name="java.specification.version" value="1.8"/>
    <property name="file.encoding" value="UTF-8"/>
    <property name="user.name" value="Virus"/>
    <property name="java.class.path" value="C:\Program Files\eclipse\plugins\org.eclipse.m2e.maven.runtime_1.18.3.20220227-1319\jars\plexus-classworlds-2.6.0.jar"/>
    <property name="java.vm.specification.version" value="1.8"/>
    <property name="sun.arch.data.model" value="32"/>
    <property name="java.home" value="C:\Program Files (x86)\Java\jdk1.8.0_211\jre"/>
    <property name="sun.java.command" value="org.codehaus.plexus.classworlds.launcher.Launcher -B install"/>
    <property name="java.specification.vendor" value="Oracle Corporation"/>
    <property name="user.language" value="en"/>
    <property name="awt.toolkit" value="sun.awt.windows.WToolkit"/>
    <property name="java.vm.info" value="mixed mode"/>
    <property name="java.version" value="1.8.0_211"/>
    <property name="java.ext.dirs" value="C:\Program Files (x86)\Java\jdk1.8.0_211\jre\lib\ext;C:\Windows\Sun\Java\lib\ext"/>
    <property name="sun.boot.class.path" value="C:\Program Files (x86)\Java\jdk1.8.0_211\jre\lib\resources.jar;C:\Program Files (x86)\Java\jdk1.8.0_211\jre\lib\rt.jar;C:\Program Files (x86)\Java\jdk1.8.0_211\jre\lib\sunrsasign.jar;C:\Program Files (x86)\Java\jdk1.8.0_211\jre\lib\jsse.jar;C:\Program Files (x86)\Java\jdk1.8.0_211\jre\lib\jce.jar;C:\Program Files (x86)\Java\jdk1.8.0_211\jre\lib\charsets.jar;C:\Program Files (x86)\Java\jdk1.8.0_211\jre\lib\jfr.jar;C:\Program Files (x86)\Java\jdk1.8.0_211\jre\classes"/>
    <property name="java.vendor" value="Oracle Corporation"/>
    <property name="maven.home" value="H:\BookStoreProject\BookStoreWebsite\EMBEDDED"/>
    <property name="file.separator" value="\"/>
    <property name="java.vendor.url.bug" value="http://bugreport.sun.com/bugreport/"/>
    <property name="sun.cpu.endian" value="little"/>
    <property name="sun.io.unicode.encoding" value="UnicodeLittle"/>
    <property name="sun.desktop" value="windows"/>
    <property name="sun.cpu.isalist" value="pentium_pro+mmx pentium_pro pentium+mmx pentium i486 i386 i86"/>
  </properties>
  <testcase classname="com.bookstore.dao.UserDAOTest" name="com.bookstore.dao.UserDAOTest.testDeleteNonExistUsers" time="0">
    <failure type="java.lang.NullPointerException">java.lang.NullPointerException
	at com.bookstore.dao.UserDAOTest.testDeleteNonExistUsers(UserDAOTest.java:80)
</failure>
  </testcase>
  <testcase classname="com.bookstore.dao.UserDAOTest" name="com.bookstore.dao.UserDAOTest.testGetUsersFound" time="0">
    <failure type="java.lang.NullPointerException">java.lang.NullPointerException
	at com.bookstore.dao.UserDAOTest.testGetUsersFound(UserDAOTest.java:88)
</failure>
  </testcase>
  <testcase classname="com.bookstore.dao.UserDAOTest" name="com.bookstore.dao.UserDAOTest.testCheckLoginFailed" time="0">
    <failure type="java.lang.NullPointerException">java.lang.NullPointerException
	at com.bookstore.dao.UserDAOTest.testCheckLoginFailed(UserDAOTest.java:118)
</failure>
  </testcase>
  <testcase classname="com.bookstore.dao.UserDAOTest" name="com.bookstore.dao.UserDAOTest.testCheckLoginSuccess" time="0">
    <failure type="java.lang.NullPointerException">java.lang.NullPointerException
	at com.bookstore.dao.UserDAOTest.testCheckLoginSuccess(UserDAOTest.java:109)
</failure>
  </testcase>
  <testcase classname="com.bookstore.dao.UserDAOTest" name="com.bookstore.dao.UserDAOTest.testCreateUsers" time="0.001">
    <failure type="java.lang.NullPointerException">java.lang.NullPointerException
	at com.bookstore.dao.UserDAOTest.testCreateUsers(UserDAOTest.java:43)
</failure>
  </testcase>
  <testcase classname="com.bookstore.dao.UserDAOTest" name="com.bookstore.dao.UserDAOTest.testFindByEmail" time="0">
    <failure type="java.lang.NullPointerException">java.lang.NullPointerException
	at com.bookstore.dao.UserDAOTest.testFindByEmail(UserDAOTest.java:101)
</failure>
  </testcase>
  <testcase classname="com.bookstore.dao.UserDAOTest" name="com.bookstore.dao.UserDAOTest.testUpdateUsers" time="0">
    <failure type="java.lang.NullPointerException">java.lang.NullPointerException
	at com.bookstore.dao.UserDAOTest.testUpdateUsers(UserDAOTest.java:62)
</failure>
  </testcase>
  <testcase classname="com.bookstore.dao.UserDAOTest" name="com.bookstore.dao.UserDAOTest.testDeleteUsers" time="0.001">
    <failure type="java.lang.NullPointerException">java.lang.NullPointerException
	at com.bookstore.dao.UserDAOTest.testDeleteUsers(UserDAOTest.java:71)
</failure>
  </testcase>
  <testcase classname="com.bookstore.dao.UserDAOTest" name="com.bookstore.dao.UserDAOTest.testListAll" time="0">
    <failure type="java.lang.NullPointerException">java.lang.NullPointerException
	at com.bookstore.dao.UserDAOTest.testListAll(UserDAOTest.java:94)
</failure>
  </testcase>
  <testcase classname="com.bookstore.dao.UserDAOTest" name="com.bookstore.dao.UserDAOTest.testCreateUsersFieldsNotSet" time="0">
    <failure type="java.lang.NullPointerException">java.lang.NullPointerException
	at com.bookstore.dao.UserDAOTest.testCreateUsersFieldsNotSet(UserDAOTest.java:51)
</failure>
  </testcase>
</testsuite>